<?xml version="1.0" encoding="UTF-8"?>
<!-- Generated by org.testng.reporters.JUnitReportReporter -->
<testsuite hostname="DESKTOP-IRUNKKO" failures="0" tests="3" name="com.ebanking.master.EmployeeNG" time="28.327" errors="0" timestamp="2021-10-07T15:01:32 IST" skipped="0">
  <testcase classname="com.ebanking.master.EmployeeNG" name="Employee" time="14.551"/>
  <system-out/>
  <testcase classname="com.ebanking.master.EmployeeNG" name="Employee" time="6.942"/>
  <system-out/>
  <testcase classname="com.ebanking.master.EmployeeNG" name="Employee" time="6.834"/>
  <system-out/>
</testsuite> <!-- com.ebanking.master.EmployeeNG -->
