<?xml version="1.0" encoding="UTF-8"?>
<!-- Generated by org.testng.reporters.JUnitReportReporter -->
<testsuite hostname="DESKTOP-IRUNKKO" failures="0" tests="3" name="com.ebanking.master.RoleNG" time="17.734" errors="0" timestamp="2021-10-06T18:21:41 IST" skipped="0">
  <testcase classname="com.ebanking.master.RoleNG" name="Role" time="6.645"/>
  <system-out/>
  <testcase classname="com.ebanking.master.RoleNG" name="Role" time="5.544"/>
  <system-out/>
  <testcase classname="com.ebanking.master.RoleNG" name="Role" time="5.545"/>
  <system-out/>
</testsuite> <!-- com.ebanking.master.RoleNG -->
