<?xml version="1.0" encoding="UTF-8"?>
<!-- Generated by org.testng.reporters.JUnitReportReporter -->
<testsuite hostname="DESKTOP-IRUNKKO" failures="0" tests="3" name="com.ebanking.master.BranchNG" time="72.112" errors="0" timestamp="2021-10-07T14:58:10 IST" skipped="0">
  <testcase classname="com.ebanking.master.BranchNG" name="Branch" time="27.014"/>
  <system-out/>
  <testcase classname="com.ebanking.master.BranchNG" name="Branch" time="22.497"/>
  <system-out/>
  <testcase classname="com.ebanking.master.BranchNG" name="Branch" time="22.601"/>
  <system-out/>
</testsuite> <!-- com.ebanking.master.BranchNG -->
