<?xml version="1.0" encoding="UTF-8"?>
<!-- Generated by org.testng.reporters.JUnitReportReporter -->
<testsuite hostname="DESKTOP-IRUNKKO" failures="0" tests="1" name="com.ebanking.master.Branch" time="23.875" errors="0" timestamp="2021-10-05T18:46:56 IST" skipped="0">
  <testcase classname="com.ebanking.master.Branch" name="Employee" time="23.875"/>
  <system-out/>
</testsuite> <!-- com.ebanking.master.Branch -->
