<?xml version="1.0" encoding="UTF-8"?>
<!-- Generated by org.testng.reporters.JUnitReportReporter -->
<testsuite hostname="DESKTOP-IRUNKKO" failures="0" tests="1" name="com.ebanking.scripts.Sample" time="17.250" errors="0" timestamp="2021-10-05T15:18:09 IST" skipped="0">
  <testcase classname="com.ebanking.scripts.Sample" name="abc" time="17.250"/>
  <system-out/>
</testsuite> <!-- com.ebanking.scripts.Sample -->
